2025-11-28 14:53:54.811 [background-preinit] INFO  org.hibernate.validator.internal.util.Version - HV000001: Hibernate Validator 8.0.3.Final
2025-11-28 14:53:54.872 [main] INFO  com.n1etzsch3.novi.NoviApplication - Starting NoviApplication using Java 25.0.1 with PID 11760 (C:\Study\Novi\target\classes started by 35666 in C:\Study\Novi)
2025-11-28 14:53:54.873 [main] INFO  com.n1etzsch3.novi.NoviApplication - No active profile set, falling back to 1 default profile: "default"
2025-11-28 14:53:55.980 [main] TRACE o.s.a.m.c.m.r.j.a.JdbcChatMemoryRepositoryAutoConfiguration$OnJdbcChatMemoryRepositoryDatasourceInitializationCondition - Condition JdbcChatMemoryRepositoryAutoConfiguration.OnJdbcChatMemoryRepositoryDatasourceInitializationCondition on org.springframework.ai.model.chat.memory.repository.jdbc.autoconfigure.JdbcChatMemoryRepositoryAutoConfiguration#jdbcChatMemoryScriptDatabaseInitializer matched due to Jdbc Chat Memory RepositoryDatabase Initialization default value is EMBEDDED
2025-11-28 14:53:56.860 [main] INFO  o.s.boot.web.embedded.tomcat.TomcatWebServer - Tomcat initialized with port 8080 (http)
2025-11-28 14:53:56.874 [main] INFO  org.apache.coyote.http11.Http11NioProtocol - Initializing ProtocolHandler ["http-nio-8080"]
2025-11-28 14:53:56.875 [main] INFO  org.apache.catalina.core.StandardService - Starting service [Tomcat]
2025-11-28 14:53:56.877 [main] INFO  org.apache.catalina.core.StandardEngine - Starting Servlet engine: [Apache Tomcat/10.1.48]
2025-11-28 14:53:56.972 [main] INFO  o.a.c.core.ContainerBase.[Tomcat].[localhost].[/] - Initializing Spring embedded WebApplicationContext
2025-11-28 14:53:56.972 [main] INFO  o.s.b.w.s.c.ServletWebServerApplicationContext - Root WebApplicationContext: initialization completed in 2043 ms
2025-11-28 14:53:57.319 [main] INFO  com.zaxxer.hikari.HikariDataSource - HikariPool-1 - Starting...
2025-11-28 14:54:08.008 [main] INFO  com.zaxxer.hikari.pool.HikariPool - HikariPool-1 - Added connection com.mysql.cj.jdbc.ConnectionImpl@56b66a26
2025-11-28 14:54:08.010 [main] INFO  com.zaxxer.hikari.HikariDataSource - HikariPool-1 - Start completed.
2025-11-28 14:54:08.752 [main] DEBUG o.s.a.m.t.a.ToolCallingAutoConfiguration - Cannot load class: org.springframework.security.oauth2.client.ClientAuthorizationException
2025-11-28 14:54:10.128 [main] INFO  o.s.b.actuate.endpoint.web.EndpointLinksResolver - Exposing 1 endpoint beneath base path '/actuator'
2025-11-28 14:54:10.237 [main] INFO  org.apache.coyote.http11.Http11NioProtocol - Starting ProtocolHandler ["http-nio-8080"]
2025-11-28 14:54:10.252 [main] INFO  o.s.boot.web.embedded.tomcat.TomcatWebServer - Tomcat started on port 8080 (http) with context path '/'
2025-11-28 14:54:10.270 [main] INFO  com.n1etzsch3.novi.NoviApplication - Started NoviApplication in 16.159 seconds (process running for 16.984)
2025-11-28 14:54:12.150 [RMI TCP Connection(2)-127.0.0.1] INFO  o.a.c.core.ContainerBase.[Tomcat].[localhost].[/] - Initializing Spring DispatcherServlet 'dispatcherServlet'
2025-11-28 14:54:12.151 [RMI TCP Connection(2)-127.0.0.1] INFO  org.springframework.web.servlet.DispatcherServlet - Initializing Servlet 'dispatcherServlet'
2025-11-28 14:54:12.152 [RMI TCP Connection(2)-127.0.0.1] INFO  org.springframework.web.servlet.DispatcherServlet - Completed initialization in 1 ms
2025-11-28 14:54:13.030 [http-nio-8080-exec-2] INFO  com.n1etzsch3.novi.interceptor.JwtAuthInterceptor - Request URI: /, Token: null
2025-11-28 14:54:13.031 [http-nio-8080-exec-2] WARN  com.n1etzsch3.novi.interceptor.JwtAuthInterceptor - Token is missing or has invalid format.
2025-11-28 14:54:13.182 [http-nio-8080-exec-5] INFO  com.n1etzsch3.novi.interceptor.JwtAuthInterceptor - Request URI: /favicon.ico, Token: null
2025-11-28 14:54:13.184 [http-nio-8080-exec-5] WARN  com.n1etzsch3.novi.interceptor.JwtAuthInterceptor - Token is missing or has invalid format.
2025-11-28 14:54:30.437 [http-nio-8080-exec-8] INFO  c.n.novi.service.impl.UserAccountServiceImpl - 用户登录成功: User1
2025-11-28 14:54:30.437 [http-nio-8080-exec-8] INFO  c.n1etzsch3.novi.controller.UserAccountController - User logged in successfully
2025-11-28 14:54:30.966 [http-nio-8080-exec-10] INFO  com.n1etzsch3.novi.interceptor.JwtAuthInterceptor - Cleaned up ThreadLocal for user.
2025-11-28 14:54:30.972 [http-nio-8080-exec-7] INFO  com.n1etzsch3.novi.interceptor.JwtAuthInterceptor - Request URI: /api/v1/users/me, Token: Bearer eyJhbGciOiJIUzI1NiJ9.eyJ1c2VySWQiOjE2NiwidXNlcm5hbWUiOiJVc2VyMSIsInN1YiI6IjE2NiIsImlhdCI6MTc2NDMxMjg3MCwiZXhwIjoxNzY0Mzk5MjcwfQ.t8s5QbP0fc-4DENsqtp4tmphihDQgtw9o5RzeKmDYYg
2025-11-28 14:54:31.010 [http-nio-8080-exec-7] INFO  com.n1etzsch3.novi.interceptor.JwtAuthInterceptor - Token validated successfully for user: 166
2025-11-28 14:54:31.829 [http-nio-8080-exec-7] INFO  c.n.novi.service.impl.UserAccountServiceImpl - 获取用户详情: User1
2025-11-28 14:54:31.830 [http-nio-8080-exec-7] INFO  c.n1etzsch3.novi.controller.UserAccountController - Retrieved current user profile: User1
2025-11-28 14:54:31.836 [http-nio-8080-exec-7] INFO  com.n1etzsch3.novi.interceptor.JwtAuthInterceptor - Cleaned up ThreadLocal for user.
2025-11-28 14:54:31.843 [http-nio-8080-exec-3] INFO  com.n1etzsch3.novi.interceptor.JwtAuthInterceptor - Cleaned up ThreadLocal for user.
2025-11-28 14:54:31.845 [http-nio-8080-exec-9] INFO  com.n1etzsch3.novi.interceptor.JwtAuthInterceptor - Cleaned up ThreadLocal for user.
2025-11-28 14:54:31.849 [http-nio-8080-exec-4] INFO  com.n1etzsch3.novi.interceptor.JwtAuthInterceptor - Request URI: /api/v1/sessions, Token: Bearer eyJhbGciOiJIUzI1NiJ9.eyJ1c2VySWQiOjE2NiwidXNlcm5hbWUiOiJVc2VyMSIsInN1YiI6IjE2NiIsImlhdCI6MTc2NDMxMjg3MCwiZXhwIjoxNzY0Mzk5MjcwfQ.t8s5QbP0fc-4DENsqtp4tmphihDQgtw9o5RzeKmDYYg
2025-11-28 14:54:31.849 [http-nio-8080-exec-1] INFO  com.n1etzsch3.novi.interceptor.JwtAuthInterceptor - Request URI: /api/v1/preferences, Token: Bearer eyJhbGciOiJIUzI1NiJ9.eyJ1c2VySWQiOjE2NiwidXNlcm5hbWUiOiJVc2VyMSIsInN1YiI6IjE2NiIsImlhdCI6MTc2NDMxMjg3MCwiZXhwIjoxNzY0Mzk5MjcwfQ.t8s5QbP0fc-4DENsqtp4tmphihDQgtw9o5RzeKmDYYg
2025-11-28 14:54:31.851 [http-nio-8080-exec-1] INFO  com.n1etzsch3.novi.interceptor.JwtAuthInterceptor - Token validated successfully for user: 166
2025-11-28 14:54:31.851 [http-nio-8080-exec-4] INFO  com.n1etzsch3.novi.interceptor.JwtAuthInterceptor - Token validated successfully for user: 166
2025-11-28 14:54:31.852 [http-nio-8080-exec-1] INFO  c.n.novi.controller.UserPreferenceController - Retrieved persona settings for user: 166
2025-11-28 14:54:32.280 [http-nio-8080-exec-1] INFO  com.n1etzsch3.novi.interceptor.JwtAuthInterceptor - Cleaned up ThreadLocal for user.
2025-11-28 14:54:32.832 [http-nio-8080-exec-4] INFO  c.n1etzsch3.novi.controller.ChatSessionController - Retrieved session list for user: 166
2025-11-28 14:54:32.835 [http-nio-8080-exec-4] INFO  com.n1etzsch3.novi.interceptor.JwtAuthInterceptor - Cleaned up ThreadLocal for user.
2025-11-28 14:55:51.495 [HikariPool-1:housekeeper] WARN  com.zaxxer.hikari.pool.PoolBase - HikariPool-1 - Failed to validate connection com.mysql.cj.jdbc.ConnectionImpl@56b66a26 (No operations allowed after connection closed.). Possibly consider using a shorter maxLifetime value.
2025-11-28 14:56:04.362 [HikariPool-1:housekeeper] WARN  com.zaxxer.hikari.pool.PoolBase - HikariPool-1 - Failed to validate connection com.mysql.cj.jdbc.ConnectionImpl@5427931 (No operations allowed after connection closed.). Possibly consider using a shorter maxLifetime value.
2025-11-28 14:56:09.445 [HikariPool-1:housekeeper] WARN  com.zaxxer.hikari.pool.PoolBase - HikariPool-1 - Failed to validate connection com.mysql.cj.jdbc.ConnectionImpl@7e3e52ea (No operations allowed after connection closed.). Possibly consider using a shorter maxLifetime value.
2025-11-28 14:56:12.304 [HikariPool-1:housekeeper] WARN  com.zaxxer.hikari.pool.PoolBase - HikariPool-1 - Failed to validate connection com.mysql.cj.jdbc.ConnectionImpl@57a6b7d5 (No operations allowed after connection closed.). Possibly consider using a shorter maxLifetime value.
2025-11-28 14:57:00.880 [HikariPool-1:connection-adder] WARN  com.zaxxer.hikari.pool.PoolBase - HikariPool-1 - Pool is empty, failed to create/setup connection (955ff48e-74be-40a8-86f5-a2d6eab865e0)
com.mysql.cj.jdbc.exceptions.CommunicationsException: Communications link failure

The last packet sent successfully to the server was 0 milliseconds ago. The driver has not received any packets from the server.
	at com.mysql.cj.jdbc.exceptions.SQLError.createCommunicationsException(SQLError.java:165)
	at com.mysql.cj.jdbc.exceptions.SQLExceptionsMapping.translateException(SQLExceptionsMapping.java:55)
	at com.mysql.cj.jdbc.ConnectionImpl.createNewIO(ConnectionImpl.java:839)
	at com.mysql.cj.jdbc.ConnectionImpl.<init>(ConnectionImpl.java:415)
	at com.mysql.cj.jdbc.ConnectionImpl.getInstance(ConnectionImpl.java:237)
	at com.mysql.cj.jdbc.NonRegisteringDriver.connect(NonRegisteringDriver.java:180)
	at com.zaxxer.hikari.util.DriverDataSource.getConnection(DriverDataSource.java:144)
	at com.zaxxer.hikari.pool.PoolBase.newConnection(PoolBase.java:370)
	at com.zaxxer.hikari.pool.PoolBase.newPoolEntry(PoolBase.java:207)
	at com.zaxxer.hikari.pool.HikariPool.createPoolEntry(HikariPool.java:488)
	at com.zaxxer.hikari.pool.HikariPool$PoolEntryCreator.call(HikariPool.java:752)
	at com.zaxxer.hikari.pool.HikariPool$PoolEntryCreator.call(HikariPool.java:731)
	at java.base/java.util.concurrent.FutureTask.run(FutureTask.java:328)
	at java.base/java.util.concurrent.ThreadPoolExecutor.runWorker(ThreadPoolExecutor.java:1090)
	at java.base/java.util.concurrent.ThreadPoolExecutor$Worker.run(ThreadPoolExecutor.java:614)
	at java.base/java.lang.Thread.run(Thread.java:1474)
Caused by: com.mysql.cj.exceptions.CJCommunicationsException: Communications link failure

The last packet sent successfully to the server was 0 milliseconds ago. The driver has not received any packets from the server.
	at java.base/jdk.internal.reflect.DirectConstructorHandleAccessor.newInstance(DirectConstructorHandleAccessor.java:62)
	at java.base/java.lang.reflect.Constructor.newInstanceWithCaller(Constructor.java:499)
	at java.base/java.lang.reflect.Constructor.newInstance(Constructor.java:483)
	at com.mysql.cj.exceptions.ExceptionFactory.createException(ExceptionFactory.java:52)
	at com.mysql.cj.exceptions.ExceptionFactory.createException(ExceptionFactory.java:95)
	at com.mysql.cj.exceptions.ExceptionFactory.createException(ExceptionFactory.java:140)
	at com.mysql.cj.exceptions.ExceptionFactory.createCommunicationsException(ExceptionFactory.java:156)
	at com.mysql.cj.protocol.a.NativeProtocol.readMessage(NativeProtocol.java:592)
	at com.mysql.cj.protocol.a.NativeProtocol.readServerCapabilities(NativeProtocol.java:516)
	at com.mysql.cj.protocol.a.NativeProtocol.beforeHandshake(NativeProtocol.java:411)
	at com.mysql.cj.protocol.a.NativeProtocol.connect(NativeProtocol.java:1331)
	at com.mysql.cj.NativeSession.connect(NativeSession.java:155)
	at com.mysql.cj.jdbc.ConnectionImpl.connectOneTryOnly(ConnectionImpl.java:963)
	at com.mysql.cj.jdbc.ConnectionImpl.createNewIO(ConnectionImpl.java:827)
	... 13 common frames omitted
Caused by: java.net.SocketTimeoutException: Read timed out
	at java.base/sun.nio.ch.NioSocketImpl.timedRead(NioSocketImpl.java:277)
	at java.base/sun.nio.ch.NioSocketImpl.implRead(NioSocketImpl.java:302)
	at java.base/sun.nio.ch.NioSocketImpl.read(NioSocketImpl.java:354)
	at java.base/sun.nio.ch.NioSocketImpl$1.read(NioSocketImpl.java:798)
	at java.base/java.net.Socket$SocketInputStream.implRead(Socket.java:974)
	at java.base/java.net.Socket$SocketInputStream.read(Socket.java:964)
	at com.mysql.cj.protocol.ReadAheadInputStream.fill(ReadAheadInputStream.java:91)
	at com.mysql.cj.protocol.ReadAheadInputStream.readFromUnderlyingStreamIfNecessary(ReadAheadInputStream.java:130)
	at com.mysql.cj.protocol.ReadAheadInputStream.read(ReadAheadInputStream.java:157)
	at java.base/java.io.FilterInputStream.read(FilterInputStream.java:119)
	at com.mysql.cj.protocol.FullReadInputStream.readFully(FullReadInputStream.java:55)
	at com.mysql.cj.protocol.a.SimplePacketReader.readHeaderLocal(SimplePacketReader.java:72)
	at com.mysql.cj.protocol.a.SimplePacketReader.readHeader(SimplePacketReader.java:54)
	at com.mysql.cj.protocol.a.SimplePacketReader.readHeader(SimplePacketReader.java:36)
	at com.mysql.cj.protocol.a.NativeProtocol.readMessage(NativeProtocol.java:586)
	... 19 common frames omitted
2025-11-28 14:59:20.962 [HikariPool-1:housekeeper] WARN  com.zaxxer.hikari.pool.PoolBase - HikariPool-1 - Failed to validate connection com.mysql.cj.jdbc.ConnectionImpl@2d790610 (No operations allowed after connection closed.). Possibly consider using a shorter maxLifetime value.
2025-11-28 15:00:00.745 [http-nio-8080-exec-10] INFO  com.n1etzsch3.novi.interceptor.JwtAuthInterceptor - Cleaned up ThreadLocal for user.
2025-11-28 15:00:00.750 [http-nio-8080-exec-7] INFO  com.n1etzsch3.novi.interceptor.JwtAuthInterceptor - Request URI: /api/v1/users/me, Token: Bearer eyJhbGciOiJIUzI1NiJ9.eyJ1c2VySWQiOjE2NiwidXNlcm5hbWUiOiJVc2VyMSIsInN1YiI6IjE2NiIsImlhdCI6MTc2NDMxMjg3MCwiZXhwIjoxNzY0Mzk5MjcwfQ.t8s5QbP0fc-4DENsqtp4tmphihDQgtw9o5RzeKmDYYg
2025-11-28 15:00:00.752 [http-nio-8080-exec-7] INFO  com.n1etzsch3.novi.interceptor.JwtAuthInterceptor - Token validated successfully for user: 166
2025-11-28 15:00:00.754 [http-nio-8080-exec-7] WARN  com.zaxxer.hikari.pool.PoolBase - HikariPool-1 - Failed to validate connection com.mysql.cj.jdbc.ConnectionImpl@4802687b (No operations allowed after connection closed.). Possibly consider using a shorter maxLifetime value.
2025-11-28 15:00:01.650 [http-nio-8080-exec-7] INFO  c.n.novi.service.impl.UserAccountServiceImpl - 获取用户详情: User1
2025-11-28 15:00:01.650 [http-nio-8080-exec-7] INFO  c.n1etzsch3.novi.controller.UserAccountController - Retrieved current user profile: User1
2025-11-28 15:00:01.652 [http-nio-8080-exec-7] INFO  com.n1etzsch3.novi.interceptor.JwtAuthInterceptor - Cleaned up ThreadLocal for user.
2025-11-28 15:00:01.656 [http-nio-8080-exec-3] INFO  com.n1etzsch3.novi.interceptor.JwtAuthInterceptor - Cleaned up ThreadLocal for user.
2025-11-28 15:00:01.661 [http-nio-8080-exec-3] INFO  com.n1etzsch3.novi.interceptor.JwtAuthInterceptor - Request URI: /api/v1/sessions, Token: Bearer eyJhbGciOiJIUzI1NiJ9.eyJ1c2VySWQiOjE2NiwidXNlcm5hbWUiOiJVc2VyMSIsInN1YiI6IjE2NiIsImlhdCI6MTc2NDMxMjg3MCwiZXhwIjoxNzY0Mzk5MjcwfQ.t8s5QbP0fc-4DENsqtp4tmphihDQgtw9o5RzeKmDYYg
2025-11-28 15:00:01.662 [http-nio-8080-exec-3] INFO  com.n1etzsch3.novi.interceptor.JwtAuthInterceptor - Token validated successfully for user: 166
2025-11-28 15:00:02.124 [http-nio-8080-exec-3] INFO  c.n1etzsch3.novi.controller.ChatSessionController - Retrieved session list for user: 166
2025-11-28 15:00:02.125 [http-nio-8080-exec-3] INFO  com.n1etzsch3.novi.interceptor.JwtAuthInterceptor - Cleaned up ThreadLocal for user.
2025-11-28 15:01:04.170 [HikariPool-1:housekeeper] WARN  com.zaxxer.hikari.pool.PoolBase - HikariPool-1 - Failed to validate connection com.mysql.cj.jdbc.ConnectionImpl@6979ee08 (No operations allowed after connection closed.). Possibly consider using a shorter maxLifetime value.
2025-11-28 15:01:10.105 [HikariPool-1:housekeeper] WARN  com.zaxxer.hikari.pool.PoolBase - HikariPool-1 - Failed to validate connection com.mysql.cj.jdbc.ConnectionImpl@3ae5d0c (No operations allowed after connection closed.). Possibly consider using a shorter maxLifetime value.
2025-11-28 15:01:33.073 [HikariPool-1:housekeeper] WARN  com.zaxxer.hikari.pool.PoolBase - HikariPool-1 - Failed to validate connection com.mysql.cj.jdbc.ConnectionImpl@23477315 (No operations allowed after connection closed.). Possibly consider using a shorter maxLifetime value.
2025-11-28 15:01:49.613 [HikariPool-1:housekeeper] WARN  com.zaxxer.hikari.pool.PoolBase - HikariPool-1 - Failed to validate connection com.mysql.cj.jdbc.ConnectionImpl@3679d5d3 (No operations allowed after connection closed.). Possibly consider using a shorter maxLifetime value.
2025-11-28 15:02:24.905 [HikariPool-1:connection-adder] WARN  com.zaxxer.hikari.pool.PoolBase - HikariPool-1 - Pool is empty, failed to create/setup connection (bd61610f-6f90-433a-aebe-6320c51c057d)
com.mysql.cj.jdbc.exceptions.CommunicationsException: Communications link failure

The last packet sent successfully to the server was 0 milliseconds ago. The driver has not received any packets from the server.
	at com.mysql.cj.jdbc.exceptions.SQLError.createCommunicationsException(SQLError.java:165)
	at com.mysql.cj.jdbc.exceptions.SQLExceptionsMapping.translateException(SQLExceptionsMapping.java:55)
	at com.mysql.cj.jdbc.ConnectionImpl.createNewIO(ConnectionImpl.java:839)
	at com.mysql.cj.jdbc.ConnectionImpl.<init>(ConnectionImpl.java:415)
	at com.mysql.cj.jdbc.ConnectionImpl.getInstance(ConnectionImpl.java:237)
	at com.mysql.cj.jdbc.NonRegisteringDriver.connect(NonRegisteringDriver.java:180)
	at com.zaxxer.hikari.util.DriverDataSource.getConnection(DriverDataSource.java:144)
	at com.zaxxer.hikari.pool.PoolBase.newConnection(PoolBase.java:370)
	at com.zaxxer.hikari.pool.PoolBase.newPoolEntry(PoolBase.java:207)
	at com.zaxxer.hikari.pool.HikariPool.createPoolEntry(HikariPool.java:488)
	at com.zaxxer.hikari.pool.HikariPool$PoolEntryCreator.call(HikariPool.java:752)
	at com.zaxxer.hikari.pool.HikariPool$PoolEntryCreator.call(HikariPool.java:731)
	at java.base/java.util.concurrent.FutureTask.run(FutureTask.java:328)
	at java.base/java.util.concurrent.ThreadPoolExecutor.runWorker(ThreadPoolExecutor.java:1090)
	at java.base/java.util.concurrent.ThreadPoolExecutor$Worker.run(ThreadPoolExecutor.java:614)
	at java.base/java.lang.Thread.run(Thread.java:1474)
Caused by: com.mysql.cj.exceptions.CJCommunicationsException: Communications link failure

The last packet sent successfully to the server was 0 milliseconds ago. The driver has not received any packets from the server.
	at java.base/jdk.internal.reflect.DirectConstructorHandleAccessor.newInstance(DirectConstructorHandleAccessor.java:62)
	at java.base/java.lang.reflect.Constructor.newInstanceWithCaller(Constructor.java:499)
	at java.base/java.lang.reflect.Constructor.newInstance(Constructor.java:483)
	at com.mysql.cj.exceptions.ExceptionFactory.createException(ExceptionFactory.java:52)
	at com.mysql.cj.exceptions.ExceptionFactory.createException(ExceptionFactory.java:95)
	at com.mysql.cj.exceptions.ExceptionFactory.createException(ExceptionFactory.java:140)
	at com.mysql.cj.exceptions.ExceptionFactory.createCommunicationsException(ExceptionFactory.java:156)
	at com.mysql.cj.protocol.a.NativeProtocol.readMessage(NativeProtocol.java:592)
	at com.mysql.cj.protocol.a.NativeProtocol.readServerCapabilities(NativeProtocol.java:516)
	at com.mysql.cj.protocol.a.NativeProtocol.beforeHandshake(NativeProtocol.java:411)
	at com.mysql.cj.protocol.a.NativeProtocol.connect(NativeProtocol.java:1331)
	at com.mysql.cj.NativeSession.connect(NativeSession.java:155)
	at com.mysql.cj.jdbc.ConnectionImpl.connectOneTryOnly(ConnectionImpl.java:963)
	at com.mysql.cj.jdbc.ConnectionImpl.createNewIO(ConnectionImpl.java:827)
	... 13 common frames omitted
Caused by: java.net.SocketTimeoutException: Read timed out
	at java.base/sun.nio.ch.NioSocketImpl.timedRead(NioSocketImpl.java:277)
	at java.base/sun.nio.ch.NioSocketImpl.implRead(NioSocketImpl.java:302)
	at java.base/sun.nio.ch.NioSocketImpl.read(NioSocketImpl.java:354)
	at java.base/sun.nio.ch.NioSocketImpl$1.read(NioSocketImpl.java:798)
	at java.base/java.net.Socket$SocketInputStream.implRead(Socket.java:974)
	at java.base/java.net.Socket$SocketInputStream.read(Socket.java:964)
	at com.mysql.cj.protocol.ReadAheadInputStream.fill(ReadAheadInputStream.java:91)
	at com.mysql.cj.protocol.ReadAheadInputStream.readFromUnderlyingStreamIfNecessary(ReadAheadInputStream.java:130)
	at com.mysql.cj.protocol.ReadAheadInputStream.read(ReadAheadInputStream.java:157)
	at java.base/java.io.FilterInputStream.read(FilterInputStream.java:119)
	at com.mysql.cj.protocol.FullReadInputStream.readFully(FullReadInputStream.java:55)
	at com.mysql.cj.protocol.a.SimplePacketReader.readHeaderLocal(SimplePacketReader.java:72)
	at com.mysql.cj.protocol.a.SimplePacketReader.readHeader(SimplePacketReader.java:54)
	at com.mysql.cj.protocol.a.SimplePacketReader.readHeader(SimplePacketReader.java:36)
	at com.mysql.cj.protocol.a.NativeProtocol.readMessage(NativeProtocol.java:586)
	... 19 common frames omitted
2025-11-28 15:04:52.940 [HikariPool-1:housekeeper] WARN  com.zaxxer.hikari.pool.PoolBase - HikariPool-1 - Failed to validate connection com.mysql.cj.jdbc.ConnectionImpl@5cd9b054 (No operations allowed after connection closed.). Possibly consider using a shorter maxLifetime value.
2025-11-28 15:04:58.641 [HikariPool-1:housekeeper] WARN  com.zaxxer.hikari.pool.PoolBase - HikariPool-1 - Failed to validate connection com.mysql.cj.jdbc.ConnectionImpl@163a2c66 (No operations allowed after connection closed.). Possibly consider using a shorter maxLifetime value.
2025-11-28 15:05:00.769 [HikariPool-1:housekeeper] WARN  com.zaxxer.hikari.pool.PoolBase - HikariPool-1 - Failed to validate connection com.mysql.cj.jdbc.ConnectionImpl@36bffb66 (No operations allowed after connection closed.). Possibly consider using a shorter maxLifetime value.
2025-11-28 15:05:06.946 [HikariPool-1:housekeeper] WARN  com.zaxxer.hikari.pool.PoolBase - HikariPool-1 - Failed to validate connection com.mysql.cj.jdbc.ConnectionImpl@7530da60 (No operations allowed after connection closed.). Possibly consider using a shorter maxLifetime value.
2025-11-28 15:06:47.388 [HikariPool-1:housekeeper] WARN  com.zaxxer.hikari.pool.PoolBase - HikariPool-1 - Failed to validate connection com.mysql.cj.jdbc.ConnectionImpl@387790e1 (No operations allowed after connection closed.). Possibly consider using a shorter maxLifetime value.
2025-11-28 15:07:36.048 [HikariPool-1:housekeeper] WARN  com.zaxxer.hikari.pool.PoolBase - HikariPool-1 - Failed to validate connection com.mysql.cj.jdbc.ConnectionImpl@2ca0fd3 (No operations allowed after connection closed.). Possibly consider using a shorter maxLifetime value.
2025-11-28 15:07:40.077 [HikariPool-1:housekeeper] WARN  com.zaxxer.hikari.pool.PoolBase - HikariPool-1 - Failed to validate connection com.mysql.cj.jdbc.ConnectionImpl@405b3dab (No operations allowed after connection closed.). Possibly consider using a shorter maxLifetime value.
2025-11-28 15:08:33.061 [HikariPool-1:housekeeper] WARN  com.zaxxer.hikari.pool.PoolBase - HikariPool-1 - Failed to validate connection com.mysql.cj.jdbc.ConnectionImpl@606385ca (No operations allowed after connection closed.). Possibly consider using a shorter maxLifetime value.
2025-11-28 15:09:57.701 [HikariPool-1:housekeeper] WARN  com.zaxxer.hikari.pool.PoolBase - HikariPool-1 - Failed to validate connection com.mysql.cj.jdbc.ConnectionImpl@c7e1c70 (No operations allowed after connection closed.). Possibly consider using a shorter maxLifetime value.
2025-11-28 15:11:38.951 [HikariPool-1:housekeeper] WARN  com.zaxxer.hikari.pool.PoolBase - HikariPool-1 - Failed to validate connection com.mysql.cj.jdbc.ConnectionImpl@69e04484 (No operations allowed after connection closed.). Possibly consider using a shorter maxLifetime value.
2025-11-28 15:11:51.833 [HikariPool-1:housekeeper] WARN  com.zaxxer.hikari.pool.PoolBase - HikariPool-1 - Failed to validate connection com.mysql.cj.jdbc.ConnectionImpl@a4fadb9 (No operations allowed after connection closed.). Possibly consider using a shorter maxLifetime value.
2025-11-28 15:11:58.794 [HikariPool-1:housekeeper] WARN  com.zaxxer.hikari.pool.PoolBase - HikariPool-1 - Failed to validate connection com.mysql.cj.jdbc.ConnectionImpl@7adb6849 (No operations allowed after connection closed.). Possibly consider using a shorter maxLifetime value.
2025-11-28 15:13:40.918 [HikariPool-1:housekeeper] WARN  com.zaxxer.hikari.pool.PoolBase - HikariPool-1 - Failed to validate connection com.mysql.cj.jdbc.ConnectionImpl@eb7b750 (No operations allowed after connection closed.). Possibly consider using a shorter maxLifetime value.
2025-11-28 15:13:41.921 [HikariPool-1:housekeeper] WARN  com.zaxxer.hikari.pool.PoolBase - HikariPool-1 - Failed to validate connection com.mysql.cj.jdbc.ConnectionImpl@1818cabe (No operations allowed after connection closed.). Possibly consider using a shorter maxLifetime value.
2025-11-28 15:14:23.006 [HikariPool-1:housekeeper] WARN  com.zaxxer.hikari.pool.PoolBase - HikariPool-1 - Failed to validate connection com.mysql.cj.jdbc.ConnectionImpl@76692962 (No operations allowed after connection closed.). Possibly consider using a shorter maxLifetime value.
2025-11-28 15:14:51.656 [HikariPool-1:housekeeper] WARN  com.zaxxer.hikari.pool.PoolBase - HikariPool-1 - Failed to validate connection com.mysql.cj.jdbc.ConnectionImpl@7fea7e7d (No operations allowed after connection closed.). Possibly consider using a shorter maxLifetime value.
2025-11-28 15:16:02.435 [HikariPool-1:housekeeper] WARN  com.zaxxer.hikari.pool.PoolBase - HikariPool-1 - Failed to validate connection com.mysql.cj.jdbc.ConnectionImpl@1ee41960 (No operations allowed after connection closed.). Possibly consider using a shorter maxLifetime value.
2025-11-28 15:17:21.273 [HikariPool-1:housekeeper] WARN  com.zaxxer.hikari.pool.PoolBase - HikariPool-1 - Failed to validate connection com.mysql.cj.jdbc.ConnectionImpl@4f956db6 (No operations allowed after connection closed.). Possibly consider using a shorter maxLifetime value.
2025-11-28 15:19:07.306 [HikariPool-1:housekeeper] WARN  com.zaxxer.hikari.pool.PoolBase - HikariPool-1 - Failed to validate connection com.mysql.cj.jdbc.ConnectionImpl@18a4a9c9 (No operations allowed after connection closed.). Possibly consider using a shorter maxLifetime value.
2025-11-28 15:19:09.739 [HikariPool-1:housekeeper] WARN  com.zaxxer.hikari.pool.PoolBase - HikariPool-1 - Failed to validate connection com.mysql.cj.jdbc.ConnectionImpl@188d77ab (No operations allowed after connection closed.). Possibly consider using a shorter maxLifetime value.
2025-11-28 15:19:19.897 [HikariPool-1:housekeeper] WARN  com.zaxxer.hikari.pool.PoolBase - HikariPool-1 - Failed to validate connection com.mysql.cj.jdbc.ConnectionImpl@1269a177 (No operations allowed after connection closed.). Possibly consider using a shorter maxLifetime value.
2025-11-28 15:19:48.975 [HikariPool-1:housekeeper] WARN  com.zaxxer.hikari.pool.PoolBase - HikariPool-1 - Failed to validate connection com.mysql.cj.jdbc.ConnectionImpl@59b38bfa (No operations allowed after connection closed.). Possibly consider using a shorter maxLifetime value.
2025-11-28 15:21:12.583 [HikariPool-1:housekeeper] WARN  com.zaxxer.hikari.pool.PoolBase - HikariPool-1 - Failed to validate connection com.mysql.cj.jdbc.ConnectionImpl@754df168 (No operations allowed after connection closed.). Possibly consider using a shorter maxLifetime value.
2025-11-28 15:21:42.992 [HikariPool-1:housekeeper] WARN  com.zaxxer.hikari.pool.PoolBase - HikariPool-1 - Failed to validate connection com.mysql.cj.jdbc.ConnectionImpl@6a409ba7 (No operations allowed after connection closed.). Possibly consider using a shorter maxLifetime value.
2025-11-28 15:22:16.064 [HikariPool-1:housekeeper] WARN  com.zaxxer.hikari.pool.PoolBase - HikariPool-1 - Failed to validate connection com.mysql.cj.jdbc.ConnectionImpl@5eb8bc3d (No operations allowed after connection closed.). Possibly consider using a shorter maxLifetime value.
2025-11-28 15:22:21.661 [HikariPool-1:housekeeper] WARN  com.zaxxer.hikari.pool.PoolBase - HikariPool-1 - Failed to validate connection com.mysql.cj.jdbc.ConnectionImpl@568bd96b (No operations allowed after connection closed.). Possibly consider using a shorter maxLifetime value.
2025-11-28 15:22:33.346 [HikariPool-1:housekeeper] WARN  com.zaxxer.hikari.pool.PoolBase - HikariPool-1 - Failed to validate connection com.mysql.cj.jdbc.ConnectionImpl@2fd4a43a (No operations allowed after connection closed.). Possibly consider using a shorter maxLifetime value.
2025-11-28 15:22:37.854 [HikariPool-1:housekeeper] WARN  com.zaxxer.hikari.pool.PoolBase - HikariPool-1 - Failed to validate connection com.mysql.cj.jdbc.ConnectionImpl@5818e120 (No operations allowed after connection closed.). Possibly consider using a shorter maxLifetime value.
2025-11-28 15:22:54.972 [HikariPool-1:housekeeper] WARN  com.zaxxer.hikari.pool.PoolBase - HikariPool-1 - Failed to validate connection com.mysql.cj.jdbc.ConnectionImpl@59f1b5d5 (No operations allowed after connection closed.). Possibly consider using a shorter maxLifetime value.
2025-11-28 15:23:01.688 [HikariPool-1:housekeeper] WARN  com.zaxxer.hikari.pool.PoolBase - HikariPool-1 - Failed to validate connection com.mysql.cj.jdbc.ConnectionImpl@25919be (No operations allowed after connection closed.). Possibly consider using a shorter maxLifetime value.
2025-11-28 15:23:07.769 [HikariPool-1:housekeeper] WARN  com.zaxxer.hikari.pool.PoolBase - HikariPool-1 - Failed to validate connection com.mysql.cj.jdbc.ConnectionImpl@49dca856 (No operations allowed after connection closed.). Possibly consider using a shorter maxLifetime value.
2025-11-28 15:23:19.770 [HikariPool-1:housekeeper] WARN  com.zaxxer.hikari.pool.PoolBase - HikariPool-1 - Failed to validate connection com.mysql.cj.jdbc.ConnectionImpl@21d335e9 (No operations allowed after connection closed.). Possibly consider using a shorter maxLifetime value.
2025-11-28 15:24:17.592 [HikariPool-1:housekeeper] WARN  com.zaxxer.hikari.pool.PoolBase - HikariPool-1 - Failed to validate connection com.mysql.cj.jdbc.ConnectionImpl@2f5d709d (No operations allowed after connection closed.). Possibly consider using a shorter maxLifetime value.
2025-11-28 15:25:14.776 [HikariPool-1:housekeeper] WARN  com.zaxxer.hikari.pool.PoolBase - HikariPool-1 - Failed to validate connection com.mysql.cj.jdbc.ConnectionImpl@16bbef4f (No operations allowed after connection closed.). Possibly consider using a shorter maxLifetime value.
2025-11-28 15:25:19.505 [HikariPool-1:housekeeper] WARN  com.zaxxer.hikari.pool.PoolBase - HikariPool-1 - Failed to validate connection com.mysql.cj.jdbc.ConnectionImpl@2e807d66 (No operations allowed after connection closed.). Possibly consider using a shorter maxLifetime value.
2025-11-28 15:25:21.017 [HikariPool-1:housekeeper] WARN  com.zaxxer.hikari.pool.PoolBase - HikariPool-1 - Failed to validate connection com.mysql.cj.jdbc.ConnectionImpl@7f7684f9 (No operations allowed after connection closed.). Possibly consider using a shorter maxLifetime value.
2025-11-28 15:25:22.921 [HikariPool-1:housekeeper] WARN  com.zaxxer.hikari.pool.PoolBase - HikariPool-1 - Failed to validate connection com.mysql.cj.jdbc.ConnectionImpl@367eddcf (No operations allowed after connection closed.). Possibly consider using a shorter maxLifetime value.
2025-11-28 15:26:14.453 [HikariPool-1:connection-adder] WARN  com.zaxxer.hikari.pool.PoolBase - HikariPool-1 - Pool is empty, failed to create/setup connection (cab46df6-5d2e-41c7-9dee-e1ef4c34597d)
com.mysql.cj.jdbc.exceptions.CommunicationsException: Communications link failure

The last packet sent successfully to the server was 0 milliseconds ago. The driver has not received any packets from the server.
	at com.mysql.cj.jdbc.exceptions.SQLError.createCommunicationsException(SQLError.java:165)
	at com.mysql.cj.jdbc.exceptions.SQLExceptionsMapping.translateException(SQLExceptionsMapping.java:55)
	at com.mysql.cj.jdbc.ConnectionImpl.createNewIO(ConnectionImpl.java:839)
	at com.mysql.cj.jdbc.ConnectionImpl.<init>(ConnectionImpl.java:415)
	at com.mysql.cj.jdbc.ConnectionImpl.getInstance(ConnectionImpl.java:237)
	at com.mysql.cj.jdbc.NonRegisteringDriver.connect(NonRegisteringDriver.java:180)
	at com.zaxxer.hikari.util.DriverDataSource.getConnection(DriverDataSource.java:144)
	at com.zaxxer.hikari.pool.PoolBase.newConnection(PoolBase.java:370)
	at com.zaxxer.hikari.pool.PoolBase.newPoolEntry(PoolBase.java:207)
	at com.zaxxer.hikari.pool.HikariPool.createPoolEntry(HikariPool.java:488)
	at com.zaxxer.hikari.pool.HikariPool$PoolEntryCreator.call(HikariPool.java:752)
	at com.zaxxer.hikari.pool.HikariPool$PoolEntryCreator.call(HikariPool.java:731)
	at java.base/java.util.concurrent.FutureTask.run(FutureTask.java:328)
	at java.base/java.util.concurrent.ThreadPoolExecutor.runWorker(ThreadPoolExecutor.java:1090)
	at java.base/java.util.concurrent.ThreadPoolExecutor$Worker.run(ThreadPoolExecutor.java:614)
	at java.base/java.lang.Thread.run(Thread.java:1474)
Caused by: com.mysql.cj.exceptions.CJCommunicationsException: Communications link failure

The last packet sent successfully to the server was 0 milliseconds ago. The driver has not received any packets from the server.
	at java.base/jdk.internal.reflect.DirectConstructorHandleAccessor.newInstance(DirectConstructorHandleAccessor.java:62)
	at java.base/java.lang.reflect.Constructor.newInstanceWithCaller(Constructor.java:499)
	at java.base/java.lang.reflect.Constructor.newInstance(Constructor.java:483)
	at com.mysql.cj.exceptions.ExceptionFactory.createException(ExceptionFactory.java:52)
	at com.mysql.cj.exceptions.ExceptionFactory.createException(ExceptionFactory.java:95)
	at com.mysql.cj.exceptions.ExceptionFactory.createException(ExceptionFactory.java:140)
	at com.mysql.cj.exceptions.ExceptionFactory.createCommunicationsException(ExceptionFactory.java:156)
	at com.mysql.cj.protocol.a.NativeProtocol.readMessage(NativeProtocol.java:592)
	at com.mysql.cj.protocol.a.NativeProtocol.readServerCapabilities(NativeProtocol.java:516)
	at com.mysql.cj.protocol.a.NativeProtocol.beforeHandshake(NativeProtocol.java:411)
	at com.mysql.cj.protocol.a.NativeProtocol.connect(NativeProtocol.java:1331)
	at com.mysql.cj.NativeSession.connect(NativeSession.java:155)
	at com.mysql.cj.jdbc.ConnectionImpl.connectOneTryOnly(ConnectionImpl.java:963)
	at com.mysql.cj.jdbc.ConnectionImpl.createNewIO(ConnectionImpl.java:827)
	... 13 common frames omitted
Caused by: java.net.SocketTimeoutException: Read timed out
	at java.base/sun.nio.ch.NioSocketImpl.timedRead(NioSocketImpl.java:277)
	at java.base/sun.nio.ch.NioSocketImpl.implRead(NioSocketImpl.java:302)
	at java.base/sun.nio.ch.NioSocketImpl.read(NioSocketImpl.java:354)
	at java.base/sun.nio.ch.NioSocketImpl$1.read(NioSocketImpl.java:798)
	at java.base/java.net.Socket$SocketInputStream.implRead(Socket.java:974)
	at java.base/java.net.Socket$SocketInputStream.read(Socket.java:964)
	at com.mysql.cj.protocol.ReadAheadInputStream.fill(ReadAheadInputStream.java:91)
	at com.mysql.cj.protocol.ReadAheadInputStream.readFromUnderlyingStreamIfNecessary(ReadAheadInputStream.java:130)
	at com.mysql.cj.protocol.ReadAheadInputStream.read(ReadAheadInputStream.java:157)
	at java.base/java.io.FilterInputStream.read(FilterInputStream.java:119)
	at com.mysql.cj.protocol.FullReadInputStream.readFully(FullReadInputStream.java:55)
	at com.mysql.cj.protocol.a.SimplePacketReader.readHeaderLocal(SimplePacketReader.java:72)
	at com.mysql.cj.protocol.a.SimplePacketReader.readHeader(SimplePacketReader.java:54)
	at com.mysql.cj.protocol.a.SimplePacketReader.readHeader(SimplePacketReader.java:36)
	at com.mysql.cj.protocol.a.NativeProtocol.readMessage(NativeProtocol.java:586)
	... 19 common frames omitted
2025-11-28 15:28:46.936 [HikariPool-1:housekeeper] WARN  com.zaxxer.hikari.pool.PoolBase - HikariPool-1 - Failed to validate connection com.mysql.cj.jdbc.ConnectionImpl@35696e11 (No operations allowed after connection closed.). Possibly consider using a shorter maxLifetime value.
2025-11-28 15:28:54.131 [HikariPool-1:housekeeper] WARN  com.zaxxer.hikari.pool.PoolBase - HikariPool-1 - Failed to validate connection com.mysql.cj.jdbc.ConnectionImpl@53b55027 (No operations allowed after connection closed.). Possibly consider using a shorter maxLifetime value.
2025-11-28 15:29:23.768 [HikariPool-1:housekeeper] WARN  com.zaxxer.hikari.pool.PoolBase - HikariPool-1 - Failed to validate connection com.mysql.cj.jdbc.ConnectionImpl@6d0292a0 (No operations allowed after connection closed.). Possibly consider using a shorter maxLifetime value.
2025-11-28 15:29:50.337 [HikariPool-1:housekeeper] WARN  com.zaxxer.hikari.pool.PoolBase - HikariPool-1 - Failed to validate connection com.mysql.cj.jdbc.ConnectionImpl@76766fc9 (No operations allowed after connection closed.). Possibly consider using a shorter maxLifetime value.
2025-11-28 15:29:55.023 [HikariPool-1:housekeeper] WARN  com.zaxxer.hikari.pool.PoolBase - HikariPool-1 - Failed to validate connection com.mysql.cj.jdbc.ConnectionImpl@373c4663 (No operations allowed after connection closed.). Possibly consider using a shorter maxLifetime value.
2025-11-28 15:30:25.501 [HikariPool-1:housekeeper] WARN  com.zaxxer.hikari.pool.PoolBase - HikariPool-1 - Failed to validate connection com.mysql.cj.jdbc.ConnectionImpl@614252cf (No operations allowed after connection closed.). Possibly consider using a shorter maxLifetime value.
2025-11-28 15:31:03.628 [HikariPool-1:housekeeper] WARN  com.zaxxer.hikari.pool.PoolBase - HikariPool-1 - Failed to validate connection com.mysql.cj.jdbc.ConnectionImpl@78d5e181 (No operations allowed after connection closed.). Possibly consider using a shorter maxLifetime value.
2025-11-28 15:31:29.061 [HikariPool-1:housekeeper] WARN  com.zaxxer.hikari.pool.PoolBase - HikariPool-1 - Failed to validate connection com.mysql.cj.jdbc.ConnectionImpl@5ea844f2 (No operations allowed after connection closed.). Possibly consider using a shorter maxLifetime value.
2025-11-28 15:32:20.245 [HikariPool-1:housekeeper] WARN  com.zaxxer.hikari.pool.PoolBase - HikariPool-1 - Failed to validate connection com.mysql.cj.jdbc.ConnectionImpl@567e4141 (No operations allowed after connection closed.). Possibly consider using a shorter maxLifetime value.
2025-11-28 15:34:25.303 [HikariPool-1:housekeeper] WARN  com.zaxxer.hikari.pool.PoolBase - HikariPool-1 - Failed to validate connection com.mysql.cj.jdbc.ConnectionImpl@1a4fed4a (No operations allowed after connection closed.). Possibly consider using a shorter maxLifetime value.
2025-11-28 15:36:07.173 [HikariPool-1:housekeeper] WARN  com.zaxxer.hikari.pool.PoolBase - HikariPool-1 - Failed to validate connection com.mysql.cj.jdbc.ConnectionImpl@3c657143 (No operations allowed after connection closed.). Possibly consider using a shorter maxLifetime value.
2025-11-28 15:36:47.116 [HikariPool-1:connection-adder] WARN  com.zaxxer.hikari.pool.PoolBase - HikariPool-1 - Pool is empty, failed to create/setup connection (2ca11422-83f2-4092-878a-0ad3231b0d6f)
com.mysql.cj.jdbc.exceptions.CommunicationsException: Communications link failure

The last packet sent successfully to the server was 0 milliseconds ago. The driver has not received any packets from the server.
	at com.mysql.cj.jdbc.exceptions.SQLError.createCommunicationsException(SQLError.java:165)
	at com.mysql.cj.jdbc.exceptions.SQLExceptionsMapping.translateException(SQLExceptionsMapping.java:55)
	at com.mysql.cj.jdbc.ConnectionImpl.createNewIO(ConnectionImpl.java:839)
	at com.mysql.cj.jdbc.ConnectionImpl.<init>(ConnectionImpl.java:415)
	at com.mysql.cj.jdbc.ConnectionImpl.getInstance(ConnectionImpl.java:237)
	at com.mysql.cj.jdbc.NonRegisteringDriver.connect(NonRegisteringDriver.java:180)
	at com.zaxxer.hikari.util.DriverDataSource.getConnection(DriverDataSource.java:144)
	at com.zaxxer.hikari.pool.PoolBase.newConnection(PoolBase.java:370)
	at com.zaxxer.hikari.pool.PoolBase.newPoolEntry(PoolBase.java:207)
	at com.zaxxer.hikari.pool.HikariPool.createPoolEntry(HikariPool.java:488)
	at com.zaxxer.hikari.pool.HikariPool$PoolEntryCreator.call(HikariPool.java:752)
	at com.zaxxer.hikari.pool.HikariPool$PoolEntryCreator.call(HikariPool.java:731)
	at java.base/java.util.concurrent.FutureTask.run(FutureTask.java:328)
	at java.base/java.util.concurrent.ThreadPoolExecutor.runWorker(ThreadPoolExecutor.java:1090)
	at java.base/java.util.concurrent.ThreadPoolExecutor$Worker.run(ThreadPoolExecutor.java:614)
	at java.base/java.lang.Thread.run(Thread.java:1474)
Caused by: com.mysql.cj.exceptions.CJCommunicationsException: Communications link failure

The last packet sent successfully to the server was 0 milliseconds ago. The driver has not received any packets from the server.
	at java.base/jdk.internal.reflect.DirectConstructorHandleAccessor.newInstance(DirectConstructorHandleAccessor.java:62)
	at java.base/java.lang.reflect.Constructor.newInstanceWithCaller(Constructor.java:499)
	at java.base/java.lang.reflect.Constructor.newInstance(Constructor.java:483)
	at com.mysql.cj.exceptions.ExceptionFactory.createException(ExceptionFactory.java:52)
	at com.mysql.cj.exceptions.ExceptionFactory.createException(ExceptionFactory.java:95)
	at com.mysql.cj.exceptions.ExceptionFactory.createException(ExceptionFactory.java:140)
	at com.mysql.cj.exceptions.ExceptionFactory.createCommunicationsException(ExceptionFactory.java:156)
	at com.mysql.cj.protocol.a.NativeProtocol.readMessage(NativeProtocol.java:592)
	at com.mysql.cj.protocol.a.NativeProtocol.readServerCapabilities(NativeProtocol.java:516)
	at com.mysql.cj.protocol.a.NativeProtocol.beforeHandshake(NativeProtocol.java:411)
	at com.mysql.cj.protocol.a.NativeProtocol.connect(NativeProtocol.java:1331)
	at com.mysql.cj.NativeSession.connect(NativeSession.java:155)
	at com.mysql.cj.jdbc.ConnectionImpl.connectOneTryOnly(ConnectionImpl.java:963)
	at com.mysql.cj.jdbc.ConnectionImpl.createNewIO(ConnectionImpl.java:827)
	... 13 common frames omitted
Caused by: java.net.SocketTimeoutException: Read timed out
	at java.base/sun.nio.ch.NioSocketImpl.timedRead(NioSocketImpl.java:277)
	at java.base/sun.nio.ch.NioSocketImpl.implRead(NioSocketImpl.java:302)
	at java.base/sun.nio.ch.NioSocketImpl.read(NioSocketImpl.java:354)
	at java.base/sun.nio.ch.NioSocketImpl$1.read(NioSocketImpl.java:798)
	at java.base/java.net.Socket$SocketInputStream.implRead(Socket.java:974)
	at java.base/java.net.Socket$SocketInputStream.read(Socket.java:964)
	at com.mysql.cj.protocol.ReadAheadInputStream.fill(ReadAheadInputStream.java:91)
	at com.mysql.cj.protocol.ReadAheadInputStream.readFromUnderlyingStreamIfNecessary(ReadAheadInputStream.java:130)
	at com.mysql.cj.protocol.ReadAheadInputStream.read(ReadAheadInputStream.java:157)
	at java.base/java.io.FilterInputStream.read(FilterInputStream.java:119)
	at com.mysql.cj.protocol.FullReadInputStream.readFully(FullReadInputStream.java:55)
	at com.mysql.cj.protocol.a.SimplePacketReader.readHeaderLocal(SimplePacketReader.java:72)
	at com.mysql.cj.protocol.a.SimplePacketReader.readHeader(SimplePacketReader.java:54)
	at com.mysql.cj.protocol.a.SimplePacketReader.readHeader(SimplePacketReader.java:36)
	at com.mysql.cj.protocol.a.NativeProtocol.readMessage(NativeProtocol.java:586)
	... 19 common frames omitted
2025-11-28 15:38:41.339 [HikariPool-1:housekeeper] WARN  com.zaxxer.hikari.pool.PoolBase - HikariPool-1 - Failed to validate connection com.mysql.cj.jdbc.ConnectionImpl@3a2f12ec (No operations allowed after connection closed.). Possibly consider using a shorter maxLifetime value.
2025-11-28 15:39:19.143 [HikariPool-1:housekeeper] WARN  com.zaxxer.hikari.pool.PoolBase - HikariPool-1 - Failed to validate connection com.mysql.cj.jdbc.ConnectionImpl@1faa6ae3 (No operations allowed after connection closed.). Possibly consider using a shorter maxLifetime value.
